Uploading artifact gameoflife.war started....
GroupId: com.ctc.devops
ArtifactId: game
Classifier: BN_5
Type: war
Version: 1.0
File: gameoflife.war
Repository:DryiCE
Uploading: http://10.1.23.186:8081/nexus/content/repositories/DryiCE/com/ctc/devops/game/1.0/game-1.0-BN_5.war
10 % completed (319 kB / 3.2 MB).
20 % completed (639 kB / 3.2 MB).
30 % completed (958 kB / 3.2 MB).
40 % completed (1.3 MB / 3.2 MB).
50 % completed (1.6 MB / 3.2 MB).
60 % completed (1.9 MB / 3.2 MB).
70 % completed (2.2 MB / 3.2 MB).
80 % completed (2.6 MB / 3.2 MB).
90 % completed (2.9 MB / 3.2 MB).
100 % completed (3.2 MB / 3.2 MB).
Uploaded: http://10.1.23.186:8081/nexus/content/repositories/DryiCE/com/ctc/devops/game/1.0/game-1.0-BN_5.war (3.2 MB at 6.7 MB/s)
Uploading artifact gameoflife.war completed.
Uploading artifact create_data.sql started....
GroupId: com.ctc.devops
ArtifactId: game
Classifier: BN_5
Type: sql
Version: 1.0
File: create_data.sql
Repository:DryiCE
Uploading: http://10.1.23.186:8081/nexus/content/repositories/DryiCE/com/ctc/devops/game/1.0/game-1.0-BN_5.sql
100 % completed (3.3 kB / 3.3 kB).
Uploaded: http://10.1.23.186:8081/nexus/content/repositories/DryiCE/com/ctc/devops/game/1.0/game-1.0-BN_5.sql (3.3 kB at 16 kB/s)
Uploading artifact create_data.sql completed.
