[CTC_Demo] Running shell script
+ ORACLE_BASE=/home/oracle/u02/app/oracle
+ export ORACLE_BASE
+ ORACLE_HOME=/home/oracle/u02/app/oracle/product/fmw12cr3
+ export ORACLE_HOME
+ ORACLE_SID=dryice
+ export ORACLE_SID
+ ORACLE_TERM=xterm
+ export ORACLE_TERM
+ MW_HOME=/opt/weblogic1213
+ export MW_HOME
+ WLS_HOME=/opt/weblogic1213/wlserver
+ export WLS_HOME
+ WL_HOME=/opt/weblogic1213/wlserver
+ export WL_HOME
+ LD_LIBRARY_PATH=/home/oracle/u02/app/oracle/product/fmw12cr3/lib:/lib:/usr/lib
+ LD_LIBRARY_PATH=/home/oracle/u02/app/oracle/product/fmw12cr3/lib:/lib:/usr/lib:/usr/local/lib
+ export LD_LIBRARY_PATH
+ PATH=/bin:/var/lib/jenkins/.local/bin:/var/lib/jenkins/bin:/home/oracle/u02/app/oracle:/home/oracle/u02/app/oracle/product/fmw12cr3:/home/oracle/u02/app/oracle/product/fmw12cr3/bin:/sbin:/usr/sbin:/bin:/usr/bin
+ export PATH
+ cd /home/dryice2/package/db
+ /home/oracle/u02/app/oracle/product/fmw12cr3/bin/sqlplus -S dryice2/dryice2@dryice @game.sql
+ echo exit
INSERT INTO people
*
ERROR at line 1:
ORA-00001: unique constraint (DRYICE2.SYS_C007425) violated


INSERT INTO people (person_id, given_name, family_name, title)
*
ERROR at line 1:
ORA-00001: unique constraint (DRYICE2.SYS_C007425) violated


INSERT INTO people (person_id, given_name, family_name, title)
*
ERROR at line 1:
ORA-00001: unique constraint (DRYICE2.SYS_C007425) violated


INSERT INTO people (person_id, given_name, family_name, title)
*
ERROR at line 1:
ORA-00001: unique constraint (DRYICE2.SYS_C007425) violated


  INSERT INTO people (person_id, given_name, family_name, title)
*
ERROR at line 1:
ORA-00001: unique constraint (DRYICE2.SYS_C007425) violated


  INSERT ALL
*
ERROR at line 1:
ORA-00001: unique constraint (DRYICE2.SYS_C007425) violated


  INSERT ALL
*
ERROR at line 1:
ORA-00001: unique constraint (DRYICE2.SYS_C007425) violated



Commit complete.

