Cloning the remote Git repository
Cloning with configured refspecs honoured and without tags
Cloning repository https://github.com/shreys-s/docker-jenkins-pipeline.git
 > /bin/git init /var/lib/jenkins/workspace/ker-jenkins-pipeline_master-QDHPRWTGJ6SQZXX4K5UWHGNSDWMDDUZUX6UVGL2X7LCM5RU2HENQ # timeout=10
Fetching upstream changes from https://github.com/shreys-s/docker-jenkins-pipeline.git
 > /bin/git --version # timeout=10
using GIT_ASKPASS to set credentials Github Access Token
 > /bin/git fetch --no-tags --progress https://github.com/shreys-s/docker-jenkins-pipeline.git +refs/heads/master:refs/remotes/origin/master
 > /bin/git config remote.origin.url https://github.com/shreys-s/docker-jenkins-pipeline.git # timeout=10
 > /bin/git config --add remote.origin.fetch +refs/heads/master:refs/remotes/origin/master # timeout=10
 > /bin/git config remote.origin.url https://github.com/shreys-s/docker-jenkins-pipeline.git # timeout=10
Fetching without tags
Fetching upstream changes from https://github.com/shreys-s/docker-jenkins-pipeline.git
using GIT_ASKPASS to set credentials Github Access Token
 > /bin/git fetch --no-tags --progress https://github.com/shreys-s/docker-jenkins-pipeline.git +refs/heads/master:refs/remotes/origin/master
Checking out Revision 732688fab6ebd1fb928b01fc740efefed775a31e (master)
Commit message: "updated node"
 > /bin/git config core.sparsecheckout # timeout=10
 > /bin/git checkout -f 732688fab6ebd1fb928b01fc740efefed775a31e
First time build. Skipping changelog.
