Cloning the remote Git repository
Cloning with configured refspecs honoured and without tags
Cloning repository https://github.com/shreys-s/kubernetes-ci-cd.git
 > /bin/git init /var/lib/jenkins/workspace/s-s_kubernetes-ci-cd_master-SAQEELSJPEGK2ICWXK4K45BU2I6YCCAX5W666YGX7OO6Q7EJRHIA # timeout=10
Fetching upstream changes from https://github.com/shreys-s/kubernetes-ci-cd.git
 > /bin/git --version # timeout=10
using GIT_ASKPASS to set credentials Github Access Token
 > /bin/git fetch --no-tags --progress https://github.com/shreys-s/kubernetes-ci-cd.git +refs/heads/master:refs/remotes/origin/master
 > /bin/git config remote.origin.url https://github.com/shreys-s/kubernetes-ci-cd.git # timeout=10
 > /bin/git config --add remote.origin.fetch +refs/heads/master:refs/remotes/origin/master # timeout=10
 > /bin/git config remote.origin.url https://github.com/shreys-s/kubernetes-ci-cd.git # timeout=10
Fetching without tags
Fetching upstream changes from https://github.com/shreys-s/kubernetes-ci-cd.git
using GIT_ASKPASS to set credentials Github Access Token
 > /bin/git fetch --no-tags --progress https://github.com/shreys-s/kubernetes-ci-cd.git +refs/heads/master:refs/remotes/origin/master
Checking out Revision 7cc73f42c7061bfbdbb83f72414fec716b7d3adb (master)
Commit message: "Issue 25 add apache 2 license 1 (#28)"
 > /bin/git config core.sparsecheckout # timeout=10
 > /bin/git checkout -f 7cc73f42c7061bfbdbb83f72414fec716b7d3adb
First time build. Skipping changelog.
