Cloning the remote Git repository
Cloning with configured refspecs honoured and without tags
Cloning repository https://github.com/shreys-s/jenkins-docker-maven-example.git
 > /bin/git init /var/lib/jenkins/workspace/docker-maven-example_master-72WYOSDNMDBPG634BL7BMBNRQQN3HCGRM4CMULRI5WODJUPBYZRA # timeout=10
Fetching upstream changes from https://github.com/shreys-s/jenkins-docker-maven-example.git
 > /bin/git --version # timeout=10
using GIT_ASKPASS to set credentials Github Access Token
 > /bin/git fetch --no-tags --progress https://github.com/shreys-s/jenkins-docker-maven-example.git +refs/heads/master:refs/remotes/origin/master
 > /bin/git config remote.origin.url https://github.com/shreys-s/jenkins-docker-maven-example.git # timeout=10
 > /bin/git config --add remote.origin.fetch +refs/heads/master:refs/remotes/origin/master # timeout=10
 > /bin/git config remote.origin.url https://github.com/shreys-s/jenkins-docker-maven-example.git # timeout=10
Fetching without tags
Fetching upstream changes from https://github.com/shreys-s/jenkins-docker-maven-example.git
using GIT_ASKPASS to set credentials Github Access Token
 > /bin/git fetch --no-tags --progress https://github.com/shreys-s/jenkins-docker-maven-example.git +refs/heads/master:refs/remotes/origin/master
Checking out Revision c5709dedabf6c1f6ccb607b9259ef1a9a1be8725 (master)
Commit message: "updated node"
 > /bin/git config core.sparsecheckout # timeout=10
 > /bin/git checkout -f c5709dedabf6c1f6ccb607b9259ef1a9a1be8725
First time build. Skipping changelog.
