Cloning the remote Git repository
Cloning with configured refspecs honoured and without tags
Cloning repository https://github.com/shreys-s/docker-sample.git
 > /bin/git init /var/lib/jenkins/workspace/reys-s_docker-sample_master-A4NKFY2IAPXKBKAU3PHONFLQRMMCQXK4UHB53QHZE7A43QPZJ2DA # timeout=10
Fetching upstream changes from https://github.com/shreys-s/docker-sample.git
 > /bin/git --version # timeout=10
using GIT_ASKPASS to set credentials Github Access Token
 > /bin/git fetch --no-tags --progress https://github.com/shreys-s/docker-sample.git +refs/heads/master:refs/remotes/origin/master
 > /bin/git config remote.origin.url https://github.com/shreys-s/docker-sample.git # timeout=10
 > /bin/git config --add remote.origin.fetch +refs/heads/master:refs/remotes/origin/master # timeout=10
 > /bin/git config remote.origin.url https://github.com/shreys-s/docker-sample.git # timeout=10
Fetching without tags
Fetching upstream changes from https://github.com/shreys-s/docker-sample.git
using GIT_ASKPASS to set credentials Github Access Token
 > /bin/git fetch --no-tags --progress https://github.com/shreys-s/docker-sample.git +refs/heads/master:refs/remotes/origin/master
Checking out Revision becb5116ab6bcea5e85fb182b88d469ec4377052 (master)
Commit message: "teste"
 > /bin/git config core.sparsecheckout # timeout=10
 > /bin/git checkout -f becb5116ab6bcea5e85fb182b88d469ec4377052
First time build. Skipping changelog.
