[CTC_Demo] Running shell script
+ cd /home/dryice2
+ rm -rf /home/dryice2/package
+ mkdir -p /home/dryice2/package/app
+ mkdir -p /home/dryice2/package/db
+ chmod -R 777 /home/dryice2/package
+ cd /home/dryice2/package/app
+ wget '--user=shrey_s' '--password=Unix_11' http://10.1.23.186:8081/nexus/service/local/repositories/DryiCE/content/com/ctc/devops/game/1.0/game-1.0-BN_6.war
--2017-07-26 18:54:13--  http://10.1.23.186:8081/nexus/service/local/repositories/DryiCE/content/com/ctc/devops/game/1.0/game-1.0-BN_6.war
Connecting to 10.1.23.186:8081... connected.
HTTP request sent, awaiting response... 200 OK
Length: 3192500 (3.0M) [application/java-archive]
Saving to: ‘game-1.0-BN_6.war’

     0K .......... .......... .......... .......... ..........  1% 37.4M 0s
    50K .......... .......... .......... .......... ..........  3% 18.1M 0s
   100K .......... .......... .......... .......... ..........  4% 12.7M 0s
   150K .......... .......... .......... .......... ..........  6% 21.8M 0s
   200K .......... .......... .......... .......... ..........  8% 20.1M 0s
   250K .......... .......... .......... .......... ..........  9% 14.3M 0s
   300K .......... .......... .......... .......... .......... 11% 10.6M 0s
   350K .......... .......... .......... .......... .......... 12% 15.0M 0s
   400K .......... .......... .......... .......... .......... 14% 11.3M 0s
   450K .......... .......... .......... .......... .......... 16% 13.0M 0s
   500K .......... .......... .......... .......... .......... 17% 8.13M 0s
   550K .......... .......... .......... .......... .......... 19% 11.7M 0s
   600K .......... .......... .......... .......... .......... 20% 6.23M 0s
   650K .......... .......... .......... .......... .......... 22% 11.9M 0s
   700K .......... .......... .......... .......... .......... 24% 15.9M 0s
   750K .......... .......... .......... .......... .......... 25% 12.4M 0s
   800K .......... .......... .......... .......... .......... 27% 13.6M 0s
   850K .......... .......... .......... .......... .......... 28% 14.0M 0s
   900K .......... .......... .......... .......... .......... 30% 14.8M 0s
   950K .......... .......... .......... .......... .......... 32% 22.7M 0s
  1000K .......... .......... .......... .......... .......... 33% 21.0M 0s
  1050K .......... .......... .......... .......... .......... 35% 28.6M 0s
  1100K .......... .......... .......... .......... .......... 36% 25.1M 0s
  1150K .......... .......... .......... .......... .......... 38% 29.3M 0s
  1200K .......... .......... .......... .......... .......... 40% 24.7M 0s
  1250K .......... .......... .......... .......... .......... 41% 30.8M 0s
  1300K .......... .......... .......... .......... .......... 43% 15.5M 0s
  1350K .......... .......... .......... .......... .......... 44% 23.4M 0s
  1400K .......... .......... .......... .......... .......... 46% 24.2M 0s
  1450K .......... .......... .......... .......... .......... 48% 21.3M 0s
  1500K .......... .......... .......... .......... .......... 49% 23.5M 0s
  1550K .......... .......... .......... .......... .......... 51% 22.4M 0s
  1600K .......... .......... .......... .......... .......... 52% 22.6M 0s
  1650K .......... .......... .......... .......... .......... 54% 24.1M 0s
  1700K .......... .......... .......... .......... .......... 56% 26.8M 0s
  1750K .......... .......... .......... .......... .......... 57% 25.3M 0s
  1800K .......... .......... .......... .......... .......... 59% 26.4M 0s
  1850K .......... .......... .......... .......... .......... 60% 30.1M 0s
  1900K .......... .......... .......... .......... .......... 62% 27.3M 0s
  1950K .......... .......... .......... .......... .......... 64% 30.7M 0s
  2000K .......... .......... .......... .......... .......... 65% 31.6M 0s
  2050K .......... .......... .......... .......... .......... 67% 30.0M 0s
  2100K .......... .......... .......... .......... .......... 68% 30.1M 0s
  2150K .......... .......... .......... .......... .......... 70% 24.8M 0s
  2200K .......... .......... .......... .......... .......... 72% 24.0M 0s
  2250K .......... .......... .......... .......... .......... 73% 20.7M 0s
  2300K .......... .......... .......... .......... .......... 75% 25.2M 0s
  2350K .......... .......... .......... .......... .......... 76% 18.9M 0s
  2400K .......... .......... .......... .......... .......... 78% 20.8M 0s
  2450K .......... .......... .......... .......... .......... 80% 17.2M 0s
  2500K .......... .......... .......... .......... .......... 81% 17.1M 0s
  2550K .......... .......... .......... .......... .......... 83% 24.3M 0s
  2600K .......... .......... .......... .......... .......... 84% 21.7M 0s
  2650K .......... .......... .......... .......... .......... 86% 12.4M 0s
  2700K .......... .......... .......... .......... .......... 88% 29.1M 0s
  2750K .......... .......... .......... .......... .......... 89% 24.0M 0s
  2800K .......... .......... .......... .......... .......... 91% 11.7M 0s
  2850K .......... .......... .......... .......... .......... 93% 24.3M 0s
  2900K .......... .......... .......... .......... .......... 94% 18.0M 0s
  2950K .......... .......... .......... .......... .......... 96% 23.4M 0s
  3000K .......... .......... .......... .......... .......... 97% 22.2M 0s
  3050K .......... .......... .......... .......... .......... 99% 27.1M 0s
  3100K .......... .......                                    100% 17.4M=0.2s

2017-07-26 18:54:13 (18.5 MB/s) - ‘game-1.0-BN_6.war’ saved [3192500/3192500]

+ cd /home/dryice2/package/app
+ mv game-1.0-BN_6.war game.war
+ cd /home/dryice2/package/db
+ wget '--user=shrey_s' '--password=Unix_11' http://10.1.23.186:8081/nexus/service/local/repositories/DryiCE/content/com/ctc/devops/game/1.0/game-1.0-BN_6.sql
--2017-07-26 18:54:13--  http://10.1.23.186:8081/nexus/service/local/repositories/DryiCE/content/com/ctc/devops/game/1.0/game-1.0-BN_6.sql
Connecting to 10.1.23.186:8081... connected.
HTTP request sent, awaiting response... 200 OK
Length: 3343 (3.3K) [text/x-sql]
Saving to: ‘game-1.0-BN_6.sql’

     0K ...                                                   100%  192M=0s

2017-07-26 18:54:13 (192 MB/s) - ‘game-1.0-BN_6.sql’ saved [3343/3343]

+ cd /home/dryice2/package/db
+ mv game-1.0-BN_6.sql game.sql
+ cd /home/dryice2
+ chmod -R 777 /home/dryice2/package
+ cd /home/dryice2/webapps
+ cp -r /home/dryice2/package/app/game.war .
+ jar -xvf game.war
  created: META-INF/
 inflated: META-INF/MANIFEST.MF
  created: WEB-INF/
  created: WEB-INF/jsp/
  created: WEB-INF/jsp/game/
  created: WEB-INF/classes/
  created: WEB-INF/classes/com/
  created: WEB-INF/classes/com/wakaleo/
  created: WEB-INF/classes/com/wakaleo/gameoflife/
  created: WEB-INF/classes/com/wakaleo/gameoflife/webtests/
  created: WEB-INF/classes/com/wakaleo/gameoflife/webtests/controllers/
  created: WEB-INF/lib/
 inflated: WEB-INF/gameoflife-servlet.xml
 inflated: WEB-INF/jsp/game/edit.jsp
 inflated: WEB-INF/jsp/game/show.jsp
 inflated: WEB-INF/jsp/home.jsp
 inflated: WEB-INF/web.xml
 inflated: WEB-INF/classes/system.properties
 inflated: WEB-INF/classes/com/wakaleo/gameoflife/webtests/controllers/GameController.class
 inflated: WEB-INF/classes/com/wakaleo/gameoflife/webtests/controllers/HomePageController.class
 inflated: WEB-INF/lib/gameoflife-core-1.0-SNAPSHOT.jar
 inflated: WEB-INF/lib/spring-webmvc-3.0.2.RELEASE.jar
 inflated: WEB-INF/lib/spring-asm-3.0.2.RELEASE.jar
 inflated: WEB-INF/lib/spring-beans-3.0.2.RELEASE.jar
 inflated: WEB-INF/lib/spring-context-3.0.2.RELEASE.jar
 inflated: WEB-INF/lib/spring-aop-3.0.2.RELEASE.jar
 inflated: WEB-INF/lib/spring-context-support-3.0.2.RELEASE.jar
 inflated: WEB-INF/lib/spring-expression-3.0.2.RELEASE.jar
 inflated: WEB-INF/lib/spring-core-3.0.2.RELEASE.jar
 inflated: WEB-INF/lib/commons-logging-1.1.1.jar
 inflated: WEB-INF/lib/spring-web-3.0.2.RELEASE.jar
 inflated: WEB-INF/lib/aopalliance-1.0.jar
 inflated: WEB-INF/lib/jstl-1.2.jar
 inflated: WEB-INF/lib/fest-assert-1.4.jar
 inflated: WEB-INF/lib/fest-util-1.1.6.jar
 inflated: WEB-INF/lib/slf4j-simple-1.6.1.jar
 inflated: WEB-INF/lib/slf4j-api-1.6.1.jar
 inflated: index.jsp
  created: META-INF/maven/
  created: META-INF/maven/com.wakaleo.gameoflife/
  created: META-INF/maven/com.wakaleo.gameoflife/gameoflife-web/
 inflated: META-INF/maven/com.wakaleo.gameoflife/gameoflife-web/pom.xml
 inflated: META-INF/maven/com.wakaleo.gameoflife/gameoflife-web/pom.properties
