[CTC_Demo] Running shell script
+ cd /home/dryice2
+ rm -rf /home/dryice2/package
+ mkdir -p /home/dryice2/package/app
+ mkdir -p /home/dryice2/package/db
+ chmod -R 777 /home/dryice2/package
+ cd /home/dryice2/package/app
+ wget '--user=shrey_s' '--password=Unix_11' http://10.1.23.186:8081/nexus/service/local/repositories/DryiCE/content/com/ctc/devops/game/1.0/game-1.0-BN_3.war
--2017-07-26 18:43:27--  http://10.1.23.186:8081/nexus/service/local/repositories/DryiCE/content/com/ctc/devops/game/1.0/game-1.0-BN_3.war
Connecting to 10.1.23.186:8081... connected.
HTTP request sent, awaiting response... 200 OK
Length: 3192493 (3.0M) [application/java-archive]
Saving to: ‘game-1.0-BN_3.war’

     0K .......... .......... .......... .......... ..........  1% 17.1M 0s
    50K .......... .......... .......... .......... ..........  3% 15.5M 0s
   100K .......... .......... .......... .......... ..........  4% 23.0M 0s
   150K .......... .......... .......... .......... ..........  6% 18.4M 0s
   200K .......... .......... .......... .......... ..........  8% 21.4M 0s
   250K .......... .......... .......... .......... ..........  9% 25.7M 0s
   300K .......... .......... .......... .......... .......... 11% 24.7M 0s
   350K .......... .......... .......... .......... .......... 12% 24.7M 0s
   400K .......... .......... .......... .......... .......... 14% 31.6M 0s
   450K .......... .......... .......... .......... .......... 16% 34.0M 0s
   500K .......... .......... .......... .......... .......... 17% 68.5M 0s
   550K .......... .......... .......... .......... .......... 19% 31.7M 0s
   600K .......... .......... .......... .......... .......... 20% 22.5M 0s
   650K .......... .......... .......... .......... .......... 22% 18.9M 0s
   700K .......... .......... .......... .......... .......... 24% 23.5M 0s
   750K .......... .......... .......... .......... .......... 25% 14.5M 0s
   800K .......... .......... .......... .......... .......... 27% 11.2M 0s
   850K .......... .......... .......... .......... .......... 28% 12.2M 0s
   900K .......... .......... .......... .......... .......... 30% 18.7M 0s
   950K .......... .......... .......... .......... .......... 32% 24.3M 0s
  1000K .......... .......... .......... .......... .......... 33% 22.2M 0s
  1050K .......... .......... .......... .......... .......... 35% 26.2M 0s
  1100K .......... .......... .......... .......... .......... 36% 22.8M 0s
  1150K .......... .......... .......... .......... .......... 38% 25.0M 0s
  1200K .......... .......... .......... .......... .......... 40% 22.0M 0s
  1250K .......... .......... .......... .......... .......... 41% 24.5M 0s
  1300K .......... .......... .......... .......... .......... 43% 15.3M 0s
  1350K .......... .......... .......... .......... .......... 44% 19.2M 0s
  1400K .......... .......... .......... .......... .......... 46% 16.1M 0s
  1450K .......... .......... .......... .......... .......... 48% 34.3M 0s
  1500K .......... .......... .......... .......... .......... 49% 25.1M 0s
  1550K .......... .......... .......... .......... .......... 51% 21.1M 0s
  1600K .......... .......... .......... .......... .......... 52% 21.3M 0s
  1650K .......... .......... .......... .......... .......... 54% 25.6M 0s
  1700K .......... .......... .......... .......... .......... 56% 29.2M 0s
  1750K .......... .......... .......... .......... .......... 57% 32.7M 0s
  1800K .......... .......... .......... .......... .......... 59% 26.9M 0s
  1850K .......... .......... .......... .......... .......... 60% 17.4M 0s
  1900K .......... .......... .......... .......... .......... 62% 21.3M 0s
  1950K .......... .......... .......... .......... .......... 64% 29.3M 0s
  2000K .......... .......... .......... .......... .......... 65% 25.4M 0s
  2050K .......... .......... .......... .......... .......... 67% 23.6M 0s
  2100K .......... .......... .......... .......... .......... 68% 18.9M 0s
  2150K .......... .......... .......... .......... .......... 70% 29.8M 0s
  2200K .......... .......... .......... .......... .......... 72% 35.3M 0s
  2250K .......... .......... .......... .......... .......... 73% 23.9M 0s
  2300K .......... .......... .......... .......... .......... 75% 67.7M 0s
  2350K .......... .......... .......... .......... .......... 76% 36.6M 0s
  2400K .......... .......... .......... .......... .......... 78% 37.3M 0s
  2450K .......... .......... .......... .......... .......... 80% 29.7M 0s
  2500K .......... .......... .......... .......... .......... 81% 29.4M 0s
  2550K .......... .......... .......... .......... .......... 83% 31.7M 0s
  2600K .......... .......... .......... .......... .......... 84% 22.4M 0s
  2650K .......... .......... .......... .......... .......... 86% 23.5M 0s
  2700K .......... .......... .......... .......... .......... 88% 30.2M 0s
  2750K .......... .......... .......... .......... .......... 89% 37.9M 0s
  2800K .......... .......... .......... .......... .......... 91% 24.8M 0s
  2850K .......... .......... .......... .......... .......... 93% 41.2M 0s
  2900K .......... .......... .......... .......... .......... 94% 24.7M 0s
  2950K .......... .......... .......... .......... .......... 96% 40.9M 0s
  3000K .......... .......... .......... .......... .......... 97% 29.9M 0s
  3050K .......... .......... .......... .......... .......... 99% 36.7M 0s
  3100K .......... .......                                    100% 37.5M=0.1s

2017-07-26 18:43:27 (24.0 MB/s) - ‘game-1.0-BN_3.war’ saved [3192493/3192493]

+ cd /home/dryice2/package/app
+ mv game-1.0-BN_3.war game.war
+ cd /home/dryice2/package/db
+ wget '--user=shrey_s' '--password=Unix_11' http://10.1.23.186:8081/nexus/service/local/repositories/DryiCE/content/com/ctc/devops/game/1.0/game-1.0-BN_3.sql
--2017-07-26 18:43:27--  http://10.1.23.186:8081/nexus/service/local/repositories/DryiCE/content/com/ctc/devops/game/1.0/game-1.0-BN_3.sql
Connecting to 10.1.23.186:8081... connected.
HTTP request sent, awaiting response... 200 OK
Length: 75278 (74K) [text/x-sql]
Saving to: ‘game-1.0-BN_3.sql’

     0K .......... .......... .......... .......... .......... 68% 38.8M 0s
    50K .......... .......... ...                             100% 12.5M=0.003s

2017-07-26 18:43:27 (23.2 MB/s) - ‘game-1.0-BN_3.sql’ saved [75278/75278]

+ cd /home/dryice2/package/db
+ mv game-1.0-BN_3.sql game.sql
+ cd /home/dryice2
+ chmod -R 777 /home/dryice2/package
+ cd /home/dryice2/webapps
+ cp -r /home/dryice2/package/app/game.war
cp: missing destination file operand after ‘/home/dryice2/package/app/game.war’
Try 'cp --help' for more information.
