Started on Sep 18, 2017 10:47:00 AM
[AWS CodePipeline Plugin] Polling for jobs for action type id: [Owner: Custom, Category: Build, Provider: Jenkins2, Version: 1, ProjectName: AWSCodePipe]
ERROR: Failed to record SCM polling for hudson.model.FreeStyleProject@63c7eab1[AWSCodePipe]
[8mha:////4Owt+nPWY0DoD8KVAniklFo5RNKeFLIewm1axEdOriXkAAAAVx+LCAAAAAAAAP9b85aBtbiIQSmjNKU4P08vOT+vOD8nVc8DzHWtSE4tKMnMz/PLL0mV3NWzufebKBsTA0NFEYMUmgZnCA1SyAABjCCFBQC2xNaiYAAAAA==[0mcom.amazonaws.services.codepipeline.model.AWSCodePipelineException: The security token included in the request is invalid. (Service: AWSCodePipeline; Status Code: 400; Error Code: UnrecognizedClientException; Request ID: bc47b9f0-9c30-11e7-9bdd-c1a7dbc26e89)
	at com.amazonaws.http.AmazonHttpClient$RequestExecutor.handleErrorResponse(AmazonHttpClient.java:1588)
	at com.amazonaws.http.AmazonHttpClient$RequestExecutor.executeOneRequest(AmazonHttpClient.java:1258)
	at com.amazonaws.http.AmazonHttpClient$RequestExecutor.executeHelper(AmazonHttpClient.java:1030)
	at com.amazonaws.http.AmazonHttpClient$RequestExecutor.doExecute(AmazonHttpClient.java:742)
	at com.amazonaws.http.AmazonHttpClient$RequestExecutor.executeWithTimer(AmazonHttpClient.java:716)
	at com.amazonaws.http.AmazonHttpClient$RequestExecutor.execute(AmazonHttpClient.java:699)
	at com.amazonaws.http.AmazonHttpClient$RequestExecutor.access$500(AmazonHttpClient.java:667)
	at com.amazonaws.http.AmazonHttpClient$RequestExecutionBuilderImpl.execute(AmazonHttpClient.java:649)
	at com.amazonaws.http.AmazonHttpClient.execute(AmazonHttpClient.java:513)
	at com.amazonaws.services.codepipeline.AWSCodePipelineClient.doInvoke(AWSCodePipelineClient.java:2051)
	at com.amazonaws.services.codepipeline.AWSCodePipelineClient.invoke(AWSCodePipelineClient.java:2027)
	at com.amazonaws.services.codepipeline.AWSCodePipelineClient.executePollForJobs(AWSCodePipelineClient.java:1404)
	at com.amazonaws.services.codepipeline.AWSCodePipelineClient.pollForJobs(AWSCodePipelineClient.java:1380)
	at com.amazonaws.codepipeline.jenkinsplugin.AWSCodePipelineSCM.pollForJobs(AWSCodePipelineSCM.java:248)
	at com.amazonaws.codepipeline.jenkinsplugin.AWSCodePipelineSCM.compareRemoteRevisionWith(AWSCodePipelineSCM.java:184)
	at hudson.scm.SCM.poll(SCM.java:408)
	at hudson.model.AbstractProject._poll(AbstractProject.java:1458)
	at hudson.model.AbstractProject.poll(AbstractProject.java:1361)
	at hudson.triggers.SCMTrigger$Runner.runPolling(SCMTrigger.java:594)
	at hudson.triggers.SCMTrigger$Runner.run(SCMTrigger.java:640)
	at hudson.util.SequentialExecutionQueue$QueueEntry.run(SequentialExecutionQueue.java:119)
	at java.util.concurrent.Executors$RunnableAdapter.call(Executors.java:511)
	at java.util.concurrent.FutureTask.run(FutureTask.java:266)
	at java.util.concurrent.ThreadPoolExecutor.runWorker(ThreadPoolExecutor.java:1142)
	at java.util.concurrent.ThreadPoolExecutor$Worker.run(ThreadPoolExecutor.java:617)
	at java.lang.Thread.run(Thread.java:748)
