Cloning the remote Git repository
Cloning with configured refspecs honoured and without tags
Cloning repository https://github.com/shreys-s/kubernetes-ci-cd.git
 > /bin/git init /var/lib/jenkins/workspace/rnetes-ci-cd_ingress-update-ZYDFGNKCGJJ5UK6NGDQKRSI3CZFV3XFMT5CUCB2XEXAKMHCVBMFA # timeout=10
Fetching upstream changes from https://github.com/shreys-s/kubernetes-ci-cd.git
 > /bin/git --version # timeout=10
using GIT_ASKPASS to set credentials Github Access Token
 > /bin/git fetch --no-tags --progress https://github.com/shreys-s/kubernetes-ci-cd.git +refs/heads/ingress-update:refs/remotes/origin/ingress-update
 > /bin/git config remote.origin.url https://github.com/shreys-s/kubernetes-ci-cd.git # timeout=10
 > /bin/git config --add remote.origin.fetch +refs/heads/ingress-update:refs/remotes/origin/ingress-update # timeout=10
 > /bin/git config remote.origin.url https://github.com/shreys-s/kubernetes-ci-cd.git # timeout=10
Fetching without tags
Fetching upstream changes from https://github.com/shreys-s/kubernetes-ci-cd.git
using GIT_ASKPASS to set credentials Github Access Token
 > /bin/git fetch --no-tags --progress https://github.com/shreys-s/kubernetes-ci-cd.git +refs/heads/ingress-update:refs/remotes/origin/ingress-update
Checking out Revision 370636c1e18320d1f6cfdcaa69544dc0c0f13399 (ingress-update)
Commit message: "revert temp yaml commands"
 > /bin/git config core.sparsecheckout # timeout=10
 > /bin/git checkout -f 370636c1e18320d1f6cfdcaa69544dc0c0f13399
First time build. Skipping changelog.
