[CTC_Demo] Running shell script
+ /opt/maven/bin/mvn clean package
[INFO] Scanning for projects...
[WARNING] 
[WARNING] Some problems were encountered while building the effective model for com.wakaleo.gameoflife:gameoflife-build:jar:1.0-SNAPSHOT
[WARNING] Reporting configuration should be done in <reporting> section, not in maven-site-plugin <configuration> as reportPlugins parameter.
[WARNING] 
[WARNING] Some problems were encountered while building the effective model for com.wakaleo.gameoflife:gameoflife-core:jar:1.0-SNAPSHOT
[WARNING] Reporting configuration should be done in <reporting> section, not in maven-site-plugin <configuration> as reportPlugins parameter.
[WARNING] 
[WARNING] Some problems were encountered while building the effective model for com.wakaleo.gameoflife:gameoflife-web:war:1.0-SNAPSHOT
[WARNING] Reporting configuration should be done in <reporting> section, not in maven-site-plugin <configuration> as reportPlugins parameter.
[WARNING] 
[WARNING] Some problems were encountered while building the effective model for com.wakaleo.gameoflife:gameoflife:pom:1.0-SNAPSHOT
[WARNING] Reporting configuration should be done in <reporting> section, not in maven-site-plugin <configuration> as reportPlugins parameter. @ line 302, column 40
[WARNING] 
[WARNING] It is highly recommended to fix these problems because they threaten the stability of your build.
[WARNING] 
[WARNING] For this reason, future Maven versions might no longer support building such malformed projects.
[WARNING] 
[INFO] ------------------------------------------------------------------------
[INFO] Reactor Build Order:
[INFO] 
[INFO] gameoflife
[INFO] gameoflife-build
[INFO] gameoflife-core
[INFO] gameoflife-web
[INFO] 
[INFO] ------------------------------------------------------------------------
[INFO] Building gameoflife 1.0-SNAPSHOT
[INFO] ------------------------------------------------------------------------
[INFO] 
[INFO] --- maven-clean-plugin:2.5:clean (default-clean) @ gameoflife ---
[INFO] 
[INFO] --- maven-enforcer-plugin:1.0:enforce (enforce-versions) @ gameoflife ---
[INFO] 
[INFO] --- jacoco-maven-plugin:0.7.2.201409121644:prepare-agent (jacoco-initialize) @ gameoflife ---
[INFO] argLine set to -javaagent:/var/lib/jenkins/.m2/repository/org/jacoco/org.jacoco.agent/0.7.2.201409121644/org.jacoco.agent-0.7.2.201409121644-runtime.jar=destfile=/var/lib/jenkins/workspace/CTC_Demo/target/jacoco.exec
[INFO] 
[INFO] --- maven-surefire-plugin:2.11:test (unit-tests) @ gameoflife ---
[INFO] No tests to run.
[INFO] Surefire report directory: /var/lib/jenkins/workspace/CTC_Demo/target/surefire-reports

-------------------------------------------------------
 T E S T S
-------------------------------------------------------

Results :

Tests run: 0, Failures: 0, Errors: 0, Skipped: 0

[INFO] 
[INFO] --- maven-easyb-plugin:1.4:test (default) @ gameoflife ---
[INFO] /var/lib/jenkins/workspace/CTC_Demo/src/test/stories does not exists.  Skipping easyb testing
[INFO] 
[INFO] ------------------------------------------------------------------------
[INFO] Building gameoflife-build 1.0-SNAPSHOT
[INFO] ------------------------------------------------------------------------
[INFO] 
[INFO] --- maven-clean-plugin:2.5:clean (default-clean) @ gameoflife-build ---
[INFO] 
[INFO] --- maven-enforcer-plugin:1.0:enforce (enforce-versions) @ gameoflife-build ---
[INFO] 
[INFO] --- maven-resources-plugin:2.6:resources (default-resources) @ gameoflife-build ---
[INFO] Using 'UTF-8' encoding to copy filtered resources.
[INFO] Copying 2 resources
[INFO] 
[INFO] --- jacoco-maven-plugin:0.7.2.201409121644:prepare-agent (jacoco-initialize) @ gameoflife-build ---
[INFO] argLine set to -javaagent:/var/lib/jenkins/.m2/repository/org/jacoco/org.jacoco.agent/0.7.2.201409121644/org.jacoco.agent-0.7.2.201409121644-runtime.jar=destfile=/var/lib/jenkins/workspace/CTC_Demo/gameoflife-build/target/jacoco.exec
[INFO] 
[INFO] --- maven-compiler-plugin:3.1:compile (default-compile) @ gameoflife-build ---
[INFO] No sources to compile
[INFO] 
[INFO] --- maven-resources-plugin:2.6:testResources (default-testResources) @ gameoflife-build ---
[INFO] Using 'UTF-8' encoding to copy filtered resources.
[INFO] skip non existing resourceDirectory /var/lib/jenkins/workspace/CTC_Demo/gameoflife-build/src/test/resources
[INFO] 
[INFO] --- maven-compiler-plugin:3.1:testCompile (default-testCompile) @ gameoflife-build ---
[INFO] No sources to compile
[INFO] 
[INFO] --- maven-surefire-plugin:2.11:test (default-test) @ gameoflife-build ---
[INFO] Tests are skipped.
[INFO] 
[INFO] --- maven-surefire-plugin:2.11:test (unit-tests) @ gameoflife-build ---
[INFO] No tests to run.
[INFO] Surefire report directory: /var/lib/jenkins/workspace/CTC_Demo/gameoflife-build/target/surefire-reports

-------------------------------------------------------
 T E S T S
-------------------------------------------------------

Results :

Tests run: 0, Failures: 0, Errors: 0, Skipped: 0

[INFO] 
[INFO] --- maven-easyb-plugin:1.4:test (default) @ gameoflife-build ---
[INFO] /var/lib/jenkins/workspace/CTC_Demo/gameoflife-build/src/test/stories does not exists.  Skipping easyb testing
[INFO] 
[INFO] --- maven-jar-plugin:2.4:jar (default-jar) @ gameoflife-build ---
[INFO] Building jar: /var/lib/jenkins/workspace/CTC_Demo/gameoflife-build/target/gameoflife-build-1.0-SNAPSHOT.jar
[INFO] 
[INFO] ------------------------------------------------------------------------
[INFO] Building gameoflife-core 1.0-SNAPSHOT
[INFO] ------------------------------------------------------------------------
[INFO] 
[INFO] --- maven-clean-plugin:2.5:clean (default-clean) @ gameoflife-core ---
[INFO] 
[INFO] --- maven-enforcer-plugin:1.0:enforce (enforce-versions) @ gameoflife-core ---
[INFO] 
[INFO] --- maven-resources-plugin:2.6:resources (default-resources) @ gameoflife-core ---
[INFO] Using 'UTF-8' encoding to copy filtered resources.
[INFO] skip non existing resourceDirectory /var/lib/jenkins/workspace/CTC_Demo/gameoflife-core/src/main/resources
[INFO] 
[INFO] --- jacoco-maven-plugin:0.7.2.201409121644:prepare-agent (jacoco-initialize) @ gameoflife-core ---
[INFO] argLine set to -javaagent:/var/lib/jenkins/.m2/repository/org/jacoco/org.jacoco.agent/0.7.2.201409121644/org.jacoco.agent-0.7.2.201409121644-runtime.jar=destfile=/var/lib/jenkins/workspace/CTC_Demo/gameoflife-core/target/jacoco.exec
[INFO] 
[INFO] --- maven-compiler-plugin:3.1:compile (default-compile) @ gameoflife-core ---
[INFO] Changes detected - recompiling the module!
[INFO] Compiling 5 source files to /var/lib/jenkins/workspace/CTC_Demo/gameoflife-core/target/classes
[INFO] 
[INFO] --- maven-resources-plugin:2.6:testResources (default-testResources) @ gameoflife-core ---
[INFO] Using 'UTF-8' encoding to copy filtered resources.
[INFO] skip non existing resourceDirectory /var/lib/jenkins/workspace/CTC_Demo/gameoflife-core/src/test/resources
[INFO] 
[INFO] --- maven-compiler-plugin:3.1:testCompile (default-testCompile) @ gameoflife-core ---
[INFO] Changes detected - recompiling the module!
[INFO] Compiling 10 source files to /var/lib/jenkins/workspace/CTC_Demo/gameoflife-core/target/test-classes
[INFO] 
[INFO] --- maven-surefire-plugin:2.11:test (default-test) @ gameoflife-core ---
[INFO] Tests are skipped.
[INFO] 
[INFO] --- maven-surefire-plugin:2.11:test (unit-tests) @ gameoflife-core ---
[INFO] Surefire report directory: /var/lib/jenkins/workspace/CTC_Demo/gameoflife-core/target/surefire-reports

-------------------------------------------------------
 T E S T S
-------------------------------------------------------
Running com.wakaleo.gameoflife.domain.WhenYouReadAGridFromAString
Tests run: 8, Failures: 0, Errors: 0, Skipped: 0, Time elapsed: 0.348 sec
Running com.wakaleo.gameoflife.domain.WhenYouCreateAGrid
Tests run: 16, Failures: 0, Errors: 0, Skipped: 0, Time elapsed: 0.073 sec
Running com.wakaleo.gameoflife.domain.WhenYouPrintAGrid
Tests run: 3, Failures: 0, Errors: 0, Skipped: 0, Time elapsed: 0.002 sec
Running com.wakaleo.gameoflife.domain.WhenYouCreateACell
Tests run: 6, Failures: 0, Errors: 0, Skipped: 0, Time elapsed: 0.004 sec
Running com.wakaleo.gameoflife.domain.WhenYouPlayTheGameOfLife
Tests run: 5, Failures: 0, Errors: 0, Skipped: 0, Time elapsed: 0.024 sec
Running com.wakaleo.gameoflife.domain.WhenYouCreateANewUniverse
Tests run: 11, Failures: 0, Errors: 0, Skipped: 0, Time elapsed: 0.053 sec

Results :

Tests run: 49, Failures: 0, Errors: 0, Skipped: 0

[INFO] 
[INFO] --- maven-easyb-plugin:1.4:test (default) @ gameoflife-core ---
[INFO] Using easyb dependency org.easyb:easyb-core:jar:1.6:compile
[INFO] Using easyb dependency org.easyb:easyb-composite-groovy:pom:1.2:compile
[INFO] Using easyb dependency org.codehaus.groovy:groovy-all:jar:2.3.6:compile
[INFO] Using easyb dependency org.easyb:easyb-ast:jar:1.1:compile
[INFO] Using easyb dependency commons-cli:commons-cli:jar:1.2:compile
[INFO] Using easyb dependency commons-lang:commons-lang:jar:2.5:compile
     [java] Running counting things story (/var/lib/jenkins/workspace/CTC_Demo/gameoflife-core/src/test/stories/CountingThings.story)
     [java] Scenarios run: 1, Failures: 0, Pending: 0, Time elapsed: 2.045 sec
     [java] Running multiplying things story (/var/lib/jenkins/workspace/CTC_Demo/gameoflife-core/src/test/stories/MultiplyingThings.story)
     [java] Scenarios run: 1, Failures: 0, Pending: 1, Time elapsed: 0.148 sec
     [java] 2 total behaviors ran with no failures
     [java] Writing JUnit report to /var/lib/jenkins/workspace/CTC_Demo/gameoflife-core/target/surefire-reports/TEST-behavior.CountingThings.xml
     [java] JUnit report written to /var/lib/jenkins/workspace/CTC_Demo/gameoflife-core/target/surefire-reports/TEST-behavior.CountingThings.xml
     [java] Writing JUnit report to /var/lib/jenkins/workspace/CTC_Demo/gameoflife-core/target/surefire-reports/TEST-behavior.MultiplyingThings.xml
     [java] JUnit report written to /var/lib/jenkins/workspace/CTC_Demo/gameoflife-core/target/surefire-reports/TEST-behavior.MultiplyingThings.xml
[INFO] 
[INFO] --- maven-jar-plugin:2.4:jar (default-jar) @ gameoflife-core ---
[INFO] Building jar: /var/lib/jenkins/workspace/CTC_Demo/gameoflife-core/target/gameoflife-core-1.0-SNAPSHOT.jar
[INFO] 
[INFO] ------------------------------------------------------------------------
[INFO] Building gameoflife-web 1.0-SNAPSHOT
[INFO] ------------------------------------------------------------------------
[INFO] 
[INFO] --- maven-clean-plugin:2.5:clean (default-clean) @ gameoflife-web ---
[INFO] 
[INFO] --- maven-enforcer-plugin:1.0:enforce (enforce-versions) @ gameoflife-web ---
[INFO] 
[INFO] --- maven-resources-plugin:2.6:resources (default-resources) @ gameoflife-web ---
[INFO] Using 'UTF-8' encoding to copy filtered resources.
[INFO] Copying 1 resource
[INFO] 
[INFO] --- jacoco-maven-plugin:0.7.2.201409121644:prepare-agent (jacoco-initialize) @ gameoflife-web ---
[INFO] argLine set to -javaagent:/var/lib/jenkins/.m2/repository/org/jacoco/org.jacoco.agent/0.7.2.201409121644/org.jacoco.agent-0.7.2.201409121644-runtime.jar=destfile=/var/lib/jenkins/workspace/CTC_Demo/gameoflife-web/target/jacoco.exec
[INFO] 
[INFO] --- maven-compiler-plugin:3.1:compile (default-compile) @ gameoflife-web ---
[INFO] Changes detected - recompiling the module!
[INFO] Compiling 2 source files to /var/lib/jenkins/workspace/CTC_Demo/gameoflife-web/target/classes
[INFO] 
[INFO] --- maven-resources-plugin:2.6:testResources (default-testResources) @ gameoflife-web ---
[INFO] Using 'UTF-8' encoding to copy filtered resources.
[INFO] skip non existing resourceDirectory /var/lib/jenkins/workspace/CTC_Demo/gameoflife-web/src/test/resources
[INFO] 
[INFO] --- maven-compiler-plugin:3.1:testCompile (default-testCompile) @ gameoflife-web ---
[INFO] Changes detected - recompiling the module!
[INFO] Compiling 3 source files to /var/lib/jenkins/workspace/CTC_Demo/gameoflife-web/target/test-classes
[INFO] 
[INFO] --- maven-surefire-plugin:2.11:test (default-test) @ gameoflife-web ---
[INFO] Tests are skipped.
[INFO] 
[INFO] --- maven-surefire-plugin:2.11:test (unit-tests) @ gameoflife-web ---
[INFO] Surefire report directory: /var/lib/jenkins/workspace/CTC_Demo/gameoflife-web/target/surefire-reports

-------------------------------------------------------
 T E S T S
-------------------------------------------------------
Running com.wakaleo.gameoflife.webtests.controllers.WhenCreatingANewGame
Tests run: 3, Failures: 0, Errors: 0, Skipped: 0, Time elapsed: 1.131 sec
Running com.wakaleo.gameoflife.webtests.controllers.WhenDisplayingTheHomePage
Tests run: 2, Failures: 0, Errors: 0, Skipped: 0, Time elapsed: 0.011 sec
Running com.wakaleo.gameoflife.webtests.controllers.WhenSpawningANewGeneration
Tests run: 2, Failures: 0, Errors: 0, Skipped: 0, Time elapsed: 0.013 sec

Results :

Tests run: 7, Failures: 0, Errors: 0, Skipped: 0

[INFO] 
[INFO] --- maven-easyb-plugin:1.4:test (default) @ gameoflife-web ---
[INFO] /var/lib/jenkins/workspace/CTC_Demo/gameoflife-web/src/test/stories does not exists.  Skipping easyb testing
[INFO] 
[INFO] --- maven-war-plugin:2.1.1:war (default-war) @ gameoflife-web ---
[INFO] Packaging webapp
[INFO] Assembling webapp [gameoflife-web] in [/var/lib/jenkins/workspace/CTC_Demo/gameoflife-web/target/gameoflife]
[INFO] Processing war project
[INFO] Copying webapp resources [/var/lib/jenkins/workspace/CTC_Demo/gameoflife-web/src/main/webapp]
[INFO] Webapp assembled in [195 msecs]
[INFO] Building war: /var/lib/jenkins/workspace/CTC_Demo/gameoflife-web/target/gameoflife.war
[INFO] WEB-INF/web.xml already added, skipping
[INFO] ------------------------------------------------------------------------
[INFO] Reactor Summary:
[INFO] 
[INFO] gameoflife ......................................... SUCCESS [  7.133 s]
[INFO] gameoflife-build ................................... SUCCESS [  2.201 s]
[INFO] gameoflife-core .................................... SUCCESS [ 13.225 s]
[INFO] gameoflife-web ..................................... SUCCESS [  5.068 s]
[INFO] ------------------------------------------------------------------------
[INFO] BUILD SUCCESS
[INFO] ------------------------------------------------------------------------
[INFO] Total time: 28.913 s
[INFO] Finished at: 2017-07-26T18:36:28+05:30
[INFO] Final Memory: 32M/463M
[INFO] ------------------------------------------------------------------------
