Uploading artifact gameoflife.war started....
GroupId: com.ctc.devops
ArtifactId: game
Classifier: BN_2
Type: war
Version: 1.0
File: gameoflife.war
Repository:DryiCE
Uploading: http://10.1.23.186:8081/nexus/content/repositories/DryiCE/com/ctc/devops/game/1.0/game-1.0-BN_2.war
10 % completed (319 kB / 3.2 MB).
20 % completed (639 kB / 3.2 MB).
30 % completed (958 kB / 3.2 MB).
40 % completed (1.3 MB / 3.2 MB).
50 % completed (1.6 MB / 3.2 MB).
60 % completed (1.9 MB / 3.2 MB).
70 % completed (2.2 MB / 3.2 MB).
80 % completed (2.6 MB / 3.2 MB).
90 % completed (2.9 MB / 3.2 MB).
100 % completed (3.2 MB / 3.2 MB).
Uploaded: http://10.1.23.186:8081/nexus/content/repositories/DryiCE/com/ctc/devops/game/1.0/game-1.0-BN_2.war (3.2 MB at 9.2 MB/s)
Uploading artifact gameoflife.war completed.
Uploading artifact create_data.sql started....
GroupId: com.ctc.devops
ArtifactId: game
Classifier: BN_2
Type: sql
Version: 1.0
File: create_data.sql
Repository:DryiCE
Uploading: http://10.1.23.186:8081/nexus/content/repositories/DryiCE/com/ctc/devops/game/1.0/game-1.0-BN_2.sql
10 % completed (8.2 kB / 75 kB).
21 % completed (16 kB / 75 kB).
32 % completed (25 kB / 75 kB).
43 % completed (33 kB / 75 kB).
54 % completed (41 kB / 75 kB).
65 % completed (49 kB / 75 kB).
76 % completed (57 kB / 75 kB).
87 % completed (66 kB / 75 kB).
97 % completed (74 kB / 75 kB).
Uploaded: http://10.1.23.186:8081/nexus/content/repositories/DryiCE/com/ctc/devops/game/1.0/game-1.0-BN_2.sql (75 kB at 801 kB/s)
Uploading artifact create_data.sql completed.
