[CTC_Demo] Running shell script
+ cd /home/dryice2
+ rm -rf /home/dryice2/package
+ mkdir -p /home/dryice2/package/app
+ mkdir -p /home/dryice2/package/db
+ chmod -R 777 /home/dryice2/package
+ cd /home/dryice2/package/app
+ wget '--user=shrey_s' '--password=Unix_11' http://10.1.23.186:8081/nexus/service/local/repositories/DryiCE/content/com/ctc/devops/game/1.0/game-1.0-BN_2.war
--2017-07-26 18:36:32--  http://10.1.23.186:8081/nexus/service/local/repositories/DryiCE/content/com/ctc/devops/game/1.0/game-1.0-BN_2.war
Connecting to 10.1.23.186:8081... connected.
HTTP request sent, awaiting response... 200 OK
Length: 3192493 (3.0M) [application/java-archive]
Saving to: ‘game-1.0-BN_2.war’

     0K .......... .......... .......... .......... ..........  1% 44.5M 0s
    50K .......... .......... .......... .......... ..........  3% 23.7M 0s
   100K .......... .......... .......... .......... ..........  4% 18.9M 0s
   150K .......... .......... .......... .......... ..........  6% 7.46M 0s
   200K .......... .......... .......... .......... ..........  8% 8.26M 0s
   250K .......... .......... .......... .......... ..........  9% 16.2M 0s
   300K .......... .......... .......... .......... .......... 11% 12.6M 0s
   350K .......... .......... .......... .......... .......... 12% 16.7M 0s
   400K .......... .......... .......... .......... .......... 14% 19.7M 0s
   450K .......... .......... .......... .......... .......... 16% 13.7M 0s
   500K .......... .......... .......... .......... .......... 17% 16.8M 0s
   550K .......... .......... .......... .......... .......... 19% 21.1M 0s
   600K .......... .......... .......... .......... .......... 20% 8.44M 0s
   650K .......... .......... .......... .......... .......... 22% 17.4M 0s
   700K .......... .......... .......... .......... .......... 24% 14.7M 0s
   750K .......... .......... .......... .......... .......... 25% 14.2M 0s
   800K .......... .......... .......... .......... .......... 27% 15.3M 0s
   850K .......... .......... .......... .......... .......... 28% 11.5M 0s
   900K .......... .......... .......... .......... .......... 30% 22.5M 0s
   950K .......... .......... .......... .......... .......... 32% 39.9M 0s
  1000K .......... .......... .......... .......... .......... 33% 27.2M 0s
  1050K .......... .......... .......... .......... .......... 35% 25.8M 0s
  1100K .......... .......... .......... .......... .......... 36% 22.3M 0s
  1150K .......... .......... .......... .......... .......... 38% 25.2M 0s
  1200K .......... .......... .......... .......... .......... 40% 25.9M 0s
  1250K .......... .......... .......... .......... .......... 41% 33.3M 0s
  1300K .......... .......... .......... .......... .......... 43% 27.2M 0s
  1350K .......... .......... .......... .......... .......... 44% 16.0M 0s
  1400K .......... .......... .......... .......... .......... 46% 17.0M 0s
  1450K .......... .......... .......... .......... .......... 48% 20.0M 0s
  1500K .......... .......... .......... .......... .......... 49% 26.3M 0s
  1550K .......... .......... .......... .......... .......... 51% 18.5M 0s
  1600K .......... .......... .......... .......... .......... 52% 22.9M 0s
  1650K .......... .......... .......... .......... .......... 54% 17.2M 0s
  1700K .......... .......... .......... .......... .......... 56% 30.6M 0s
  1750K .......... .......... .......... .......... .......... 57% 32.2M 0s
  1800K .......... .......... .......... .......... .......... 59% 33.5M 0s
  1850K .......... .......... .......... .......... .......... 60% 31.7M 0s
  1900K .......... .......... .......... .......... .......... 62% 19.5M 0s
  1950K .......... .......... .......... .......... .......... 64% 14.9M 0s
  2000K .......... .......... .......... .......... .......... 65% 11.8M 0s
  2050K .......... .......... .......... .......... .......... 67% 24.3M 0s
  2100K .......... .......... .......... .......... .......... 68% 28.3M 0s
  2150K .......... .......... .......... .......... .......... 70% 39.4M 0s
  2200K .......... .......... .......... .......... .......... 72% 27.0M 0s
  2250K .......... .......... .......... .......... .......... 73% 18.3M 0s
  2300K .......... .......... .......... .......... .......... 75% 18.0M 0s
  2350K .......... .......... .......... .......... .......... 76% 26.7M 0s
  2400K .......... .......... .......... .......... .......... 78% 27.5M 0s
  2450K .......... .......... .......... .......... .......... 80% 27.1M 0s
  2500K .......... .......... .......... .......... .......... 81% 30.1M 0s
  2550K .......... .......... .......... .......... .......... 83% 35.2M 0s
  2600K .......... .......... .......... .......... .......... 84% 20.4M 0s
  2650K .......... .......... .......... .......... .......... 86% 13.8M 0s
  2700K .......... .......... .......... .......... .......... 88% 23.7M 0s
  2750K .......... .......... .......... .......... .......... 89% 9.00M 0s
  2800K .......... .......... .......... .......... .......... 91% 32.9M 0s
  2850K .......... .......... .......... .......... .......... 93% 22.3M 0s
  2900K .......... .......... .......... .......... .......... 94% 14.0M 0s
  2950K .......... .......... .......... .......... .......... 96% 40.6M 0s
  3000K .......... .......... .......... .......... .......... 97% 6.44M 0s
  3050K .......... .......... .......... .......... .......... 99% 23.8M 0s
  3100K .......... .......                                    100% 70.5M=0.2s

2017-07-26 18:36:32 (18.5 MB/s) - ‘game-1.0-BN_2.war’ saved [3192493/3192493]

+ cd /home/dryice2/package/app
+ mv game-1.3-BN_2.war game.war
mv: cannot stat ‘game-1.3-BN_2.war’: No such file or directory
