Started by timer
[Mon Sep 18 02:31:00 IST 2017] Starting branch indexing...
[8mha:////4C/PCP9rf0VwBdZd8bPTsjhCQIEIN7uVEBC+zlQ16ErWAAAAhB+LCAAAAAAAAP9b85aBtbiIwSa/KF0vKzUvOzOvODlTryCnNB3I0kvPLMkoTYpPKkrMS86IL84vLUpO1XPPLPEoTXLOzyvOz0n1yy9JZYAARiYGRi8GzpLM3NTiksTcgooiBqmM0pTi/Dy9ZIhiPayaGCoKgHTcxCU/lAGfO4cDjgAAAA==[0mConnecting to https://api.github.com using shrey_s/****** (Github Access Token)
[8mha:////4KNZ9M/mZrrpvoXUAJYLTeEvXAF7ug6wzp9L8XazpKEwAAAAhB+LCAAAAAAAAP9b85aBtbiIwSa/KF0vKzUvOzOvODlTryCnNB3I0kvPLMkoTYpPKkrMS86IL84vLUpO1XPPLPEoTXLOzyvOz0n1yy9JZYAARiYGRi8GzpLM3NTiksTcgooiBqmM0pTi/Dy9ZIhiPayaGCoKgHTcxCW/LQEmkcjVjgAAAA==[0mConnecting to https://api.github.com using shrey_s/****** (Github Access Token)
Examining [8mha:////4H8P21kfmNZdqHD3Dz5+AC4sWrXk4Phzq/lDN36QDhSvAAAArx+LCAAAAAAAAP9b85aBtbiIQSajNKU4P08vOT+vOD8nVc+jsiC1KCczL9svvyTVzHb1RttJBUeZGJg8GdhyUvPSSzJ8GJhLi3JKGIR8shLLEvVzEvPS9YNLijLz0q0rihik0IxzhtAgwxgggJGJgaGiAMiQLWEwyCgpKSi20tdPzyzJKE0C6srVL84oSq0s1i3WL8hP1s1KzcvOzCvWLcgsSAU6KhUA4eD1/bUAAAA=[0mshreys-s/poc-jenkins-pipeline

  Checking branches...

  Getting remote branches...

    Checking branch [8mha:////4Oe88kMFDv2mnt4B/SSyuQ76kdHGAdT//P8NIGs19IFlAAAAth+LCAAAAAAAAP9djrENwjAQRY8gGIASsULijgJIRQNSRMMEJpxsJ45t+S4oWYM1oGEIxmEHgtLxm/+b9/SfH5hRhJVur+RdVnpH3mJ26ANGa1x98ozr/PHK7+GdQHKEuUWnWBcwbaNlWBSVvElhpVPizNE4te0iLP90+7F/MhgzSQC6MIw5w04zB9oIoQzr9jJQjSAdsaeURPBlWqGrjaM0mIDDKRQcEUUjiTF+ATzyLeHBAAAA[0mmaster
      ‘Jenkinsfile’ found
    Met criteria
No changes detected: master (still at 44eebe55335e7846bafe2993934d992e284b4b9b)

    Checking branch [8mha:////4M1cAK694vz5XwRNQImJqoNnfSsee6XVVfTVtAsMUfHyAAAAtx+LCAAAAAAAAP9djrENwjAQRY8goKdErOBYNBSgVDQgRTRMYMIpdmLsk31ByRqsAQ1DMA47EJSO3/zfvKf//MAkBljq5hK9SwvvoreY7jvCYI2rj55xnT1e2Z3eCSQHmFp0Jescxk2wDPO8UjclrXKlPHEwrty2ARZ/ut3QPxkMGSUALfVjxpBpZoobKUvDujn31FVGHbCLIkryhajQ1cZFQYawP4WSA6IkxYUWqy+kkL/WwgAAAA==[0mpatch-1
      ‘Jenkinsfile’ found
    Met criteria
No changes detected: patch-1 (still at 75b85ce40274f8c8282fe198e5c26c08a36a14c0)

  2 branches were processed

  Checking pull-requests...

  Getting remote pull requests...

  0 pull requests were processed

Finished examining shreys-s/poc-jenkins-pipeline

[Mon Sep 18 02:31:04 IST 2017] Finished branch indexing. Indexing took 3.9 sec
Finished: SUCCESS
