Cloning the remote Git repository
Cloning with configured refspecs honoured and without tags
Cloning repository https://github.com/shreys-s/poc-jenkins-pipeline.git
 > /bin/git init /var/lib/jenkins/workspace/oc-jenkins-pipeline_patch-1-CXBLTJLL7YWBXVLIUDDLHOYJDCFSXMEV5BAIWPQLJNT7OL6RJPWQ # timeout=10
Fetching upstream changes from https://github.com/shreys-s/poc-jenkins-pipeline.git
 > /bin/git --version # timeout=10
using GIT_ASKPASS to set credentials Github Access Token
 > /bin/git fetch --no-tags --progress https://github.com/shreys-s/poc-jenkins-pipeline.git +refs/heads/patch-1:refs/remotes/origin/patch-1
 > /bin/git config remote.origin.url https://github.com/shreys-s/poc-jenkins-pipeline.git # timeout=10
 > /bin/git config --add remote.origin.fetch +refs/heads/patch-1:refs/remotes/origin/patch-1 # timeout=10
 > /bin/git config remote.origin.url https://github.com/shreys-s/poc-jenkins-pipeline.git # timeout=10
Fetching without tags
Fetching upstream changes from https://github.com/shreys-s/poc-jenkins-pipeline.git
using GIT_ASKPASS to set credentials Github Access Token
 > /bin/git fetch --no-tags --progress https://github.com/shreys-s/poc-jenkins-pipeline.git +refs/heads/patch-1:refs/remotes/origin/patch-1
Checking out Revision 75b85ce40274f8c8282fe198e5c26c08a36a14c0 (patch-1)
Commit message: "ud"
 > /bin/git config core.sparsecheckout # timeout=10
 > /bin/git checkout -f 75b85ce40274f8c8282fe198e5c26c08a36a14c0
First time build. Skipping changelog.
